  server.cpp
c:\users\admin\source\repos\project_ltm\server\struct.h(111): error C2664: 'void informGameRoomChange(GAME,int,char *,char *,char *)': cannot convert argument 3 from 'const char [4]' to 'char *'
  c:\users\admin\source\repos\project_ltm\server\struct.h(111): note: Conversion from string literal loses const qualifier (see /Zc:strictStrings)
c:\users\admin\source\repos\project_ltm\server\struct.h(239): warning C4244: 'initializing': conversion from '__int64' to 'int', possible loss of data
c:\users\admin\source\repos\project_ltm\server\struct.h(256): warning C4244: 'initializing': conversion from '__int64' to 'int', possible loss of data
c:\users\admin\source\repos\project_ltm\server\server.cpp(84): error C2664: 'void loadAccountMap(char *)': cannot convert argument 1 from 'const char [12]' to 'char *'
  c:\users\admin\source\repos\project_ltm\server\server.cpp(84): note: Conversion from string literal loses const qualifier (see /Zc:strictStrings)
c:\users\admin\source\repos\project_ltm\server\server.cpp(348): error C2664: 'int setResponseAndSend(PLAYER,char *,char *,int,char *)': cannot convert argument 2 from 'const char [3]' to 'char *'
  c:\users\admin\source\repos\project_ltm\server\server.cpp(348): note: Conversion from string literal loses const qualifier (see /Zc:strictStrings)
c:\users\admin\source\repos\project_ltm\server\server.cpp(400): error C2664: 'int setResponseAndSend(PLAYER,char *,char *,int,char *)': cannot convert argument 3 from 'const char [6]' to 'char *'
  c:\users\admin\source\repos\project_ltm\server\server.cpp(400): note: Conversion from string literal loses const qualifier (see /Zc:strictStrings)
c:\users\admin\source\repos\project_ltm\server\server.cpp(403): error C2664: 'int setResponseAndSend(PLAYER,char *,char *,int,char *)': cannot convert argument 3 from 'const char [6]' to 'char *'
  c:\users\admin\source\repos\project_ltm\server\server.cpp(403): note: Conversion from string literal loses const qualifier (see /Zc:strictStrings)
c:\users\admin\source\repos\project_ltm\server\server.cpp(408): error C2664: 'int setResponseAndSend(PLAYER,char *,char *,int,char *)': cannot convert argument 3 from 'const char [6]' to 'char *'
  c:\users\admin\source\repos\project_ltm\server\server.cpp(408): note: Conversion from string literal loses const qualifier (see /Zc:strictStrings)
c:\users\admin\source\repos\project_ltm\server\server.cpp(414): error C2664: 'int setResponseAndSend(PLAYER,char *,char *,int,char *)': cannot convert argument 3 from 'const char [6]' to 'char *'
  c:\users\admin\source\repos\project_ltm\server\server.cpp(414): note: Conversion from string literal loses const qualifier (see /Zc:strictStrings)
c:\users\admin\source\repos\project_ltm\server\server.cpp(418): error C2664: 'int setResponseAndSend(PLAYER,char *,char *,int,char *)': cannot convert argument 3 from 'const char [6]' to 'char *'
  c:\users\admin\source\repos\project_ltm\server\server.cpp(418): note: Conversion from string literal loses const qualifier (see /Zc:strictStrings)
c:\users\admin\source\repos\project_ltm\server\server.cpp(419): error C2664: 'int setResponseAndSend(PLAYER,char *,char *,int,char *)': cannot convert argument 3 from 'const char [6]' to 'char *'
  c:\users\admin\source\repos\project_ltm\server\server.cpp(419): note: Conversion from string literal loses const qualifier (see /Zc:strictStrings)
c:\users\admin\source\repos\project_ltm\server\server.cpp(420): error C2664: 'int setResponseAndSend(PLAYER,char *,char *,int,char *)': cannot convert argument 3 from 'const char [6]' to 'char *'
  c:\users\admin\source\repos\project_ltm\server\server.cpp(420): note: Conversion from string literal loses const qualifier (see /Zc:strictStrings)
c:\users\admin\source\repos\project_ltm\server\server.cpp(425): error C2664: 'int setResponseAndSend(PLAYER,char *,char *,int,char *)': cannot convert argument 3 from 'const char [6]' to 'char *'
  c:\users\admin\source\repos\project_ltm\server\server.cpp(425): note: Conversion from string literal loses const qualifier (see /Zc:strictStrings)
c:\users\admin\source\repos\project_ltm\server\server.cpp(436): error C2664: 'int setResponseAndSend(PLAYER,char *,char *,int,char *)': cannot convert argument 3 from 'const char [6]' to 'char *'
  c:\users\admin\source\repos\project_ltm\server\server.cpp(436): note: Conversion from string literal loses const qualifier (see /Zc:strictStrings)
c:\users\admin\source\repos\project_ltm\server\server.cpp(439): error C2664: 'int setResponseAndSend(PLAYER,char *,char *,int,char *)': cannot convert argument 3 from 'const char [6]' to 'char *'
  c:\users\admin\source\repos\project_ltm\server\server.cpp(439): note: Conversion from string literal loses const qualifier (see /Zc:strictStrings)
c:\users\admin\source\repos\project_ltm\server\server.cpp(444): error C2664: 'int setResponseAndSend(PLAYER,char *,char *,int,char *)': cannot convert argument 3 from 'const char [6]' to 'char *'
  c:\users\admin\source\repos\project_ltm\server\server.cpp(444): note: Conversion from string literal loses const qualifier (see /Zc:strictStrings)
c:\users\admin\source\repos\project_ltm\server\server.cpp(450): error C2664: 'int setResponseAndSend(PLAYER,char *,char *,int,char *)': cannot convert argument 3 from 'const char [6]' to 'char *'
  c:\users\admin\source\repos\project_ltm\server\server.cpp(450): note: Conversion from string literal loses const qualifier (see /Zc:strictStrings)
c:\users\admin\source\repos\project_ltm\server\server.cpp(453): error C2664: 'int setResponseAndSend(PLAYER,char *,char *,int,char *)': cannot convert argument 3 from 'const char [6]' to 'char *'
  c:\users\admin\source\repos\project_ltm\server\server.cpp(453): note: Conversion from string literal loses const qualifier (see /Zc:strictStrings)
c:\users\admin\source\repos\project_ltm\server\server.cpp(457): error C2664: 'void addNewAccount(char *,char *,char *)': cannot convert argument 1 from 'const char [12]' to 'char *'
  c:\users\admin\source\repos\project_ltm\server\server.cpp(457): note: Conversion from string literal loses const qualifier (see /Zc:strictStrings)
c:\users\admin\source\repos\project_ltm\server\server.cpp(458): error C2664: 'int setResponseAndSend(PLAYER,char *,char *,int,char *)': cannot convert argument 3 from 'const char [6]' to 'char *'
  c:\users\admin\source\repos\project_ltm\server\server.cpp(458): note: Conversion from string literal loses const qualifier (see /Zc:strictStrings)
c:\users\admin\source\repos\project_ltm\server\server.cpp(469): error C2664: 'int setResponseAndSend(PLAYER,char *,char *,int,char *)': cannot convert argument 3 from 'const char [6]' to 'char *'
  c:\users\admin\source\repos\project_ltm\server\server.cpp(469): note: Conversion from string literal loses const qualifier (see /Zc:strictStrings)
c:\users\admin\source\repos\project_ltm\server\server.cpp(470): error C2664: 'int setResponseAndSend(PLAYER,char *,char *,int,char *)': cannot convert argument 3 from 'const char [6]' to 'char *'
  c:\users\admin\source\repos\project_ltm\server\server.cpp(470): note: Conversion from string literal loses const qualifier (see /Zc:strictStrings)
c:\users\admin\source\repos\project_ltm\server\server.cpp(475): error C2664: 'int setResponseAndSend(PLAYER,char *,char *,int,char *)': cannot convert argument 3 from 'const char [6]' to 'char *'
  c:\users\admin\source\repos\project_ltm\server\server.cpp(475): note: Conversion from string literal loses const qualifier (see /Zc:strictStrings)
c:\users\admin\source\repos\project_ltm\server\server.cpp(483): error C2664: 'int setResponseAndSend(PLAYER,char *,char *,int,char *)': cannot convert argument 3 from 'const char [6]' to 'char *'
  c:\users\admin\source\repos\project_ltm\server\server.cpp(483): note: Conversion from string literal loses const qualifier (see /Zc:strictStrings)
c:\users\admin\source\repos\project_ltm\server\server.cpp(499): error C2664: 'int setResponseAndSend(PLAYER,char *,char *,int,char *)': cannot convert argument 3 from 'const char [6]' to 'char *'
  c:\users\admin\source\repos\project_ltm\server\server.cpp(499): note: Conversion from string literal loses const qualifier (see /Zc:strictStrings)
c:\users\admin\source\repos\project_ltm\server\server.cpp(611): error C2664: 'void getCastleQuestion(CASTLE,char *,char *)': cannot convert argument 2 from 'const char [9]' to 'char *'
  c:\users\admin\source\repos\project_ltm\server\server.cpp(611): note: Conversion from string literal loses const qualifier (see /Zc:strictStrings)
c:\users\admin\source\repos\project_ltm\server\server.cpp(636): error C2664: 'void getMineQuestion(MINE,char *,int,char *)': cannot convert argument 2 from 'const char [9]' to 'char *'
  c:\users\admin\source\repos\project_ltm\server\server.cpp(636): note: Conversion from string literal loses const qualifier (see /Zc:strictStrings)
c:\users\admin\source\repos\project_ltm\server\server.cpp(692): error C2664: 'void getCastleQuestion(CASTLE,char *,char *)': cannot convert argument 2 from 'const char [9]' to 'char *'
  c:\users\admin\source\repos\project_ltm\server\server.cpp(692): note: Conversion from string literal loses const qualifier (see /Zc:strictStrings)
c:\users\admin\source\repos\project_ltm\server\server.cpp(693): error C2664: 'void setResponse(char *,char *,int,char *)': cannot convert argument 1 from 'const char [4]' to 'char *'
  c:\users\admin\source\repos\project_ltm\server\server.cpp(693): note: Conversion from string literal loses const qualifier (see /Zc:strictStrings)
c:\users\admin\source\repos\project_ltm\server\server.cpp(709): error C2664: 'void getMineQuestion(MINE,char *,int,char *)': cannot convert argument 2 from 'const char [9]' to 'char *'
  c:\users\admin\source\repos\project_ltm\server\server.cpp(709): note: Conversion from string literal loses const qualifier (see /Zc:strictStrings)
c:\users\admin\source\repos\project_ltm\server\server.cpp(710): error C2664: 'void setResponse(char *,char *,int,char *)': cannot convert argument 1 from 'const char [4]' to 'char *'
  c:\users\admin\source\repos\project_ltm\server\server.cpp(710): note: Conversion from string literal loses const qualifier (see /Zc:strictStrings)
c:\users\admin\source\repos\project_ltm\server\server.cpp(742): error C2664: 'int setResponseAndSend(PLAYER,char *,char *,int,char *)': cannot convert argument 3 from 'const char [6]' to 'char *'
  c:\users\admin\source\repos\project_ltm\server\server.cpp(742): note: Conversion from string literal loses const qualifier (see /Zc:strictStrings)
c:\users\admin\source\repos\project_ltm\server\server.cpp(743): error C2664: 'int setResponseAndSend(PLAYER,char *,char *,int,char *)': cannot convert argument 3 from 'const char [6]' to 'char *'
  c:\users\admin\source\repos\project_ltm\server\server.cpp(743): note: Conversion from string literal loses const qualifier (see /Zc:strictStrings)
c:\users\admin\source\repos\project_ltm\server\server.cpp(746): error C2664: 'int setResponseAndSend(PLAYER,char *,char *,int,char *)': cannot convert argument 3 from 'const char [6]' to 'char *'
  c:\users\admin\source\repos\project_ltm\server\server.cpp(746): note: Conversion from string literal loses const qualifier (see /Zc:strictStrings)
c:\users\admin\source\repos\project_ltm\server\server.cpp(748): error C2664: 'int setResponseAndSend(PLAYER,char *,char *,int,char *)': cannot convert argument 3 from 'const char [6]' to 'char *'
  c:\users\admin\source\repos\project_ltm\server\server.cpp(748): note: Conversion from string literal loses const qualifier (see /Zc:strictStrings)
c:\users\admin\source\repos\project_ltm\server\server.cpp(759): error C2664: 'int setResponseAndSend(PLAYER,char *,char *,int,char *)': cannot convert argument 3 from 'const char [6]' to 'char *'
  c:\users\admin\source\repos\project_ltm\server\server.cpp(759): note: Conversion from string literal loses const qualifier (see /Zc:strictStrings)
c:\users\admin\source\repos\project_ltm\server\server.cpp(760): error C2664: 'int setResponseAndSend(PLAYER,char *,char *,int,char *)': cannot convert argument 3 from 'const char [6]' to 'char *'
  c:\users\admin\source\repos\project_ltm\server\server.cpp(760): note: Conversion from string literal loses const qualifier (see /Zc:strictStrings)
c:\users\admin\source\repos\project_ltm\server\server.cpp(767): error C2664: 'int setResponseAndSend(PLAYER,char *,char *,int,char *)': cannot convert argument 3 from 'const char [6]' to 'char *'
  c:\users\admin\source\repos\project_ltm\server\server.cpp(767): note: Conversion from string literal loses const qualifier (see /Zc:strictStrings)
c:\users\admin\source\repos\project_ltm\server\server.cpp(768): error C2664: 'int setResponseAndSend(PLAYER,char *,char *,int,char *)': cannot convert argument 3 from 'const char [6]' to 'char *'
  c:\users\admin\source\repos\project_ltm\server\server.cpp(768): note: Conversion from string literal loses const qualifier (see /Zc:strictStrings)
c:\users\admin\source\repos\project_ltm\server\server.cpp(775): error C2664: 'int setResponseAndSend(PLAYER,char *,char *,int,char *)': cannot convert argument 3 from 'const char [6]' to 'char *'
  c:\users\admin\source\repos\project_ltm\server\server.cpp(775): note: Conversion from string literal loses const qualifier (see /Zc:strictStrings)
c:\users\admin\source\repos\project_ltm\server\server.cpp(783): error C2664: 'void informGameRoomChange(GAME,int,char *,char *,char *)': cannot convert argument 3 from 'const char [4]' to 'char *'
  c:\users\admin\source\repos\project_ltm\server\server.cpp(783): note: Conversion from string literal loses const qualifier (see /Zc:strictStrings)
c:\users\admin\source\repos\project_ltm\server\server.cpp(795): error C2664: 'int setResponseAndSend(PLAYER,char *,char *,int,char *)': cannot convert argument 3 from 'const char [6]' to 'char *'
  c:\users\admin\source\repos\project_ltm\server\server.cpp(795): note: Conversion from string literal loses const qualifier (see /Zc:strictStrings)
c:\users\admin\source\repos\project_ltm\server\server.cpp(796): error C2664: 'int setResponseAndSend(PLAYER,char *,char *,int,char *)': cannot convert argument 3 from 'const char [6]' to 'char *'
  c:\users\admin\source\repos\project_ltm\server\server.cpp(796): note: Conversion from string literal loses const qualifier (see /Zc:strictStrings)
c:\users\admin\source\repos\project_ltm\server\server.cpp(797): error C2664: 'int setResponseAndSend(PLAYER,char *,char *,int,char *)': cannot convert argument 3 from 'const char [6]' to 'char *'
  c:\users\admin\source\repos\project_ltm\server\server.cpp(797): note: Conversion from string literal loses const qualifier (see /Zc:strictStrings)
c:\users\admin\source\repos\project_ltm\server\server.cpp(798): error C2664: 'int setResponseAndSend(PLAYER,char *,char *,int,char *)': cannot convert argument 3 from 'const char [6]' to 'char *'
  c:\users\admin\source\repos\project_ltm\server\server.cpp(798): note: Conversion from string literal loses const qualifier (see /Zc:strictStrings)
c:\users\admin\source\repos\project_ltm\server\server.cpp(801): error C2664: 'int setResponseAndSend(PLAYER,char *,char *,int,char *)': cannot convert argument 3 from 'const char [6]' to 'char *'
  c:\users\admin\source\repos\project_ltm\server\server.cpp(801): note: Conversion from string literal loses const qualifier (see /Zc:strictStrings)
c:\users\admin\source\repos\project_ltm\server\server.cpp(802): error C2664: 'int setResponseAndSend(PLAYER,char *,char *,int,char *)': cannot convert argument 3 from 'const char [6]' to 'char *'
  c:\users\admin\source\repos\project_ltm\server\server.cpp(802): note: Conversion from string literal loses const qualifier (see /Zc:strictStrings)
c:\users\admin\source\repos\project_ltm\server\server.cpp(809): error C2664: 'int setResponseAndSend(PLAYER,char *,char *,int,char *)': cannot convert argument 3 from 'const char [6]' to 'char *'
  c:\users\admin\source\repos\project_ltm\server\server.cpp(809): note: Conversion from string literal loses const qualifier (see /Zc:strictStrings)
c:\users\admin\source\repos\project_ltm\server\server.cpp(818): error C2664: 'void informGameRoomChange(GAME,int,char *,char *,char *)': cannot convert argument 3 from 'const char [4]' to 'char *'
  c:\users\admin\source\repos\project_ltm\server\server.cpp(818): note: Conversion from string literal loses const qualifier (see /Zc:strictStrings)
c:\users\admin\source\repos\project_ltm\server\server.cpp(830): error C2664: 'int setResponseAndSend(PLAYER,char *,char *,int,char *)': cannot convert argument 3 from 'const char [6]' to 'char *'
  c:\users\admin\source\repos\project_ltm\server\server.cpp(830): note: Conversion from string literal loses const qualifier (see /Zc:strictStrings)
c:\users\admin\source\repos\project_ltm\server\server.cpp(831): error C2664: 'int setResponseAndSend(PLAYER,char *,char *,int,char *)': cannot convert argument 3 from 'const char [6]' to 'char *'
  c:\users\admin\source\repos\project_ltm\server\server.cpp(831): note: Conversion from string literal loses const qualifier (see /Zc:strictStrings)
c:\users\admin\source\repos\project_ltm\server\server.cpp(832): error C2664: 'int setResponseAndSend(PLAYER,char *,char *,int,char *)': cannot convert argument 3 from 'const char [6]' to 'char *'
  c:\users\admin\source\repos\project_ltm\server\server.cpp(832): note: Conversion from string literal loses const qualifier (see /Zc:strictStrings)
c:\users\admin\source\repos\project_ltm\server\server.cpp(833): error C2664: 'int setResponseAndSend(PLAYER,char *,char *,int,char *)': cannot convert argument 3 from 'const char [6]' to 'char *'
  c:\users\admin\source\repos\project_ltm\server\server.cpp(833): note: Conversion from string literal loses const qualifier (see /Zc:strictStrings)
c:\users\admin\source\repos\project_ltm\server\server.cpp(835): error C2664: 'int setResponseAndSend(PLAYER,char *,char *,int,char *)': cannot convert argument 3 from 'const char [6]' to 'char *'
  c:\users\admin\source\repos\project_ltm\server\server.cpp(835): note: Conversion from string literal loses const qualifier (see /Zc:strictStrings)
c:\users\admin\source\repos\project_ltm\server\server.cpp(837): error C2664: 'void informGameRoomChange(GAME,int,char *,char *,char *)': cannot convert argument 3 from 'const char [4]' to 'char *'
  c:\users\admin\source\repos\project_ltm\server\server.cpp(837): note: Conversion from string literal loses const qualifier (see /Zc:strictStrings)
c:\users\admin\source\repos\project_ltm\server\server.cpp(849): error C2664: 'int setResponseAndSend(PLAYER,char *,char *,int,char *)': cannot convert argument 3 from 'const char [6]' to 'char *'
  c:\users\admin\source\repos\project_ltm\server\server.cpp(849): note: Conversion from string literal loses const qualifier (see /Zc:strictStrings)
c:\users\admin\source\repos\project_ltm\server\server.cpp(850): error C2664: 'int setResponseAndSend(PLAYER,char *,char *,int,char *)': cannot convert argument 3 from 'const char [6]' to 'char *'
  c:\users\admin\source\repos\project_ltm\server\server.cpp(850): note: Conversion from string literal loses const qualifier (see /Zc:strictStrings)
c:\users\admin\source\repos\project_ltm\server\server.cpp(851): error C2664: 'int setResponseAndSend(PLAYER,char *,char *,int,char *)': cannot convert argument 3 from 'const char [6]' to 'char *'
  c:\users\admin\source\repos\project_ltm\server\server.cpp(851): note: Conversion from string literal loses const qualifier (see /Zc:strictStrings)
c:\users\admin\source\repos\project_ltm\server\server.cpp(853): error C2664: 'int setResponseAndSend(PLAYER,char *,char *,int,char *)': cannot convert argument 3 from 'const char [6]' to 'char *'
  c:\users\admin\source\repos\project_ltm\server\server.cpp(853): note: Conversion from string literal loses const qualifier (see /Zc:strictStrings)
c:\users\admin\source\repos\project_ltm\server\server.cpp(854): error C2664: 'int setResponseAndSend(PLAYER,char *,char *,int,char *)': cannot convert argument 3 from 'const char [6]' to 'char *'
  c:\users\admin\source\repos\project_ltm\server\server.cpp(854): note: Conversion from string literal loses const qualifier (see /Zc:strictStrings)
c:\users\admin\source\repos\project_ltm\server\server.cpp(856): error C2664: 'void informGameRoomChange(GAME,int,char *,char *,char *)': cannot convert argument 3 from 'const char [4]' to 'char *'
  c:\users\admin\source\repos\project_ltm\server\server.cpp(856): note: Conversion from string literal loses const qualifier (see /Zc:strictStrings)
c:\users\admin\source\repos\project_ltm\server\server.cpp(868): error C2664: 'int setResponseAndSend(PLAYER,char *,char *,int,char *)': cannot convert argument 3 from 'const char [6]' to 'char *'
  c:\users\admin\source\repos\project_ltm\server\server.cpp(868): note: Conversion from string literal loses const qualifier (see /Zc:strictStrings)
c:\users\admin\source\repos\project_ltm\server\server.cpp(869): error C2664: 'int setResponseAndSend(PLAYER,char *,char *,int,char *)': cannot convert argument 3 from 'const char [6]' to 'char *'
  c:\users\admin\source\repos\project_ltm\server\server.cpp(869): note: Conversion from string literal loses const qualifier (see /Zc:strictStrings)
c:\users\admin\source\repos\project_ltm\server\server.cpp(870): error C2664: 'int setResponseAndSend(PLAYER,char *,char *,int,char *)': cannot convert argument 3 from 'const char [6]' to 'char *'
  c:\users\admin\source\repos\project_ltm\server\server.cpp(870): note: Conversion from string literal loses const qualifier (see /Zc:strictStrings)
c:\users\admin\source\repos\project_ltm\server\server.cpp(885): error C2664: 'int setResponseAndSend(PLAYER,char *,char *,int,char *)': cannot convert argument 3 from 'const char [6]' to 'char *'
  c:\users\admin\source\repos\project_ltm\server\server.cpp(885): note: Conversion from string literal loses const qualifier (see /Zc:strictStrings)
c:\users\admin\source\repos\project_ltm\server\server.cpp(886): error C2664: 'void informGameRoomChange(GAME,int,char *,char *,char *)': cannot convert argument 3 from 'const char [4]' to 'char *'
  c:\users\admin\source\repos\project_ltm\server\server.cpp(886): note: Conversion from string literal loses const qualifier (see /Zc:strictStrings)
c:\users\admin\source\repos\project_ltm\server\server.cpp(899): error C2664: 'int setResponseAndSend(PLAYER,char *,char *,int,char *)': cannot convert argument 3 from 'const char [6]' to 'char *'
  c:\users\admin\source\repos\project_ltm\server\server.cpp(899): note: Conversion from string literal loses const qualifier (see /Zc:strictStrings)
c:\users\admin\source\repos\project_ltm\server\server.cpp(900): error C2664: 'int setResponseAndSend(PLAYER,char *,char *,int,char *)': cannot convert argument 3 from 'const char [6]' to 'char *'
  c:\users\admin\source\repos\project_ltm\server\server.cpp(900): note: Conversion from string literal loses const qualifier (see /Zc:strictStrings)
c:\users\admin\source\repos\project_ltm\server\server.cpp(901): error C2664: 'int setResponseAndSend(PLAYER,char *,char *,int,char *)': cannot convert argument 3 from 'const char [6]' to 'char *'
  c:\users\admin\source\repos\project_ltm\server\server.cpp(901): note: Conversion from string literal loses const qualifier (see /Zc:strictStrings)
c:\users\admin\source\repos\project_ltm\server\server.cpp(902): error C2664: 'int setResponseAndSend(PLAYER,char *,char *,int,char *)': cannot convert argument 3 from 'const char [6]' to 'char *'
  c:\users\admin\source\repos\project_ltm\server\server.cpp(902): note: Conversion from string literal loses const qualifier (see /Zc:strictStrings)
c:\users\admin\source\repos\project_ltm\server\server.cpp(906): error C2664: 'int setResponseAndSend(PLAYER,char *,char *,int,char *)': cannot convert argument 3 from 'const char [6]' to 'char *'
  c:\users\admin\source\repos\project_ltm\server\server.cpp(906): note: Conversion from string literal loses const qualifier (see /Zc:strictStrings)
c:\users\admin\source\repos\project_ltm\server\server.cpp(910): error C2664: 'int setResponseAndSend(PLAYER,char *,char *,int,char *)': cannot convert argument 3 from 'const char [6]' to 'char *'
  c:\users\admin\source\repos\project_ltm\server\server.cpp(910): note: Conversion from string literal loses const qualifier (see /Zc:strictStrings)
c:\users\admin\source\repos\project_ltm\server\server.cpp(923): error C2664: 'int setResponseAndSend(PLAYER,char *,char *,int,char *)': cannot convert argument 3 from 'const char [6]' to 'char *'
  c:\users\admin\source\repos\project_ltm\server\server.cpp(923): note: Conversion from string literal loses const qualifier (see /Zc:strictStrings)
c:\users\admin\source\repos\project_ltm\server\server.cpp(936): error C2664: 'void setResponse(char *,char *,int,char *)': cannot convert argument 1 from 'const char [4]' to 'char *'
  c:\users\admin\source\repos\project_ltm\server\server.cpp(936): note: Conversion from string literal loses const qualifier (see /Zc:strictStrings)
c:\users\admin\source\repos\project_ltm\server\server.cpp(958): error C2664: 'int setResponseAndSend(PLAYER,char *,char *,int,char *)': cannot convert argument 3 from 'const char [6]' to 'char *'
  c:\users\admin\source\repos\project_ltm\server\server.cpp(958): note: Conversion from string literal loses const qualifier (see /Zc:strictStrings)
c:\users\admin\source\repos\project_ltm\server\server.cpp(959): error C2664: 'int setResponseAndSend(PLAYER,char *,char *,int,char *)': cannot convert argument 3 from 'const char [6]' to 'char *'
  c:\users\admin\source\repos\project_ltm\server\server.cpp(959): note: Conversion from string literal loses const qualifier (see /Zc:strictStrings)
c:\users\admin\source\repos\project_ltm\server\server.cpp(966): error C2664: 'int setResponseAndSend(PLAYER,char *,char *,int,char *)': cannot convert argument 3 from 'const char [6]' to 'char *'
  c:\users\admin\source\repos\project_ltm\server\server.cpp(966): note: Conversion from string literal loses const qualifier (see /Zc:strictStrings)
c:\users\admin\source\repos\project_ltm\server\server.cpp(977): error C2664: 'int setResponseAndSend(PLAYER,char *,char *,int,char *)': cannot convert argument 3 from 'const char [6]' to 'char *'
  c:\users\admin\source\repos\project_ltm\server\server.cpp(977): note: Conversion from string literal loses const qualifier (see /Zc:strictStrings)
c:\users\admin\source\repos\project_ltm\server\server.cpp(983): error C2664: 'int setResponseAndSend(PLAYER,char *,char *,int,char *)': cannot convert argument 3 from 'const char [6]' to 'char *'
  c:\users\admin\source\repos\project_ltm\server\server.cpp(983): note: Conversion from string literal loses const qualifier (see /Zc:strictStrings)
c:\users\admin\source\repos\project_ltm\server\server.cpp(985): error C2664: 'int setResponseAndSend(PLAYER,char *,char *,int,char *)': cannot convert argument 3 from 'const char [6]' to 'char *'
  c:\users\admin\source\repos\project_ltm\server\server.cpp(985): note: Conversion from string literal loses const qualifier (see /Zc:strictStrings)
c:\users\admin\source\repos\project_ltm\server\server.cpp(986): error C2664: 'int setResponseAndSend(PLAYER,char *,char *,int,char *)': cannot convert argument 3 from 'const char [6]' to 'char *'
  c:\users\admin\source\repos\project_ltm\server\server.cpp(986): note: Conversion from string literal loses const qualifier (see /Zc:strictStrings)
c:\users\admin\source\repos\project_ltm\server\server.cpp(995): error C2664: 'void informCastleAttack(GAME,int,int,char *,char *,char *)': cannot convert argument 4 from 'const char [4]' to 'char *'
  c:\users\admin\source\repos\project_ltm\server\server.cpp(995): note: Conversion from string literal loses const qualifier (see /Zc:strictStrings)
c:\users\admin\source\repos\project_ltm\server\server.cpp(1002): error C2664: 'void informCastleAttack(GAME,int,int,char *,char *,char *)': cannot convert argument 4 from 'const char [4]' to 'char *'
  c:\users\admin\source\repos\project_ltm\server\server.cpp(1002): note: Conversion from string literal loses const qualifier (see /Zc:strictStrings)
c:\users\admin\source\repos\project_ltm\server\server.cpp(1009): error C2664: 'void informCastleAttack(GAME,int,int,char *,char *,char *)': cannot convert argument 4 from 'const char [4]' to 'char *'
  c:\users\admin\source\repos\project_ltm\server\server.cpp(1009): note: Conversion from string literal loses const qualifier (see /Zc:strictStrings)
c:\users\admin\source\repos\project_ltm\server\server.cpp(1017): error C2664: 'void informCastleAttack(GAME,int,int,char *,char *,char *)': cannot convert argument 4 from 'const char [4]' to 'char *'
  c:\users\admin\source\repos\project_ltm\server\server.cpp(1017): note: Conversion from string literal loses const qualifier (see /Zc:strictStrings)
c:\users\admin\source\repos\project_ltm\server\server.cpp(1031): error C2664: 'int setResponseAndSend(PLAYER,char *,char *,int,char *)': cannot convert argument 3 from 'const char [6]' to 'char *'
  c:\users\admin\source\repos\project_ltm\server\server.cpp(1031): note: Conversion from string literal loses const qualifier (see /Zc:strictStrings)
c:\users\admin\source\repos\project_ltm\server\server.cpp(1037): error C2664: 'int setResponseAndSend(PLAYER,char *,char *,int,char *)': cannot convert argument 3 from 'const char [6]' to 'char *'
  c:\users\admin\source\repos\project_ltm\server\server.cpp(1037): note: Conversion from string literal loses const qualifier (see /Zc:strictStrings)
c:\users\admin\source\repos\project_ltm\server\server.cpp(1039): error C2664: 'int setResponseAndSend(PLAYER,char *,char *,int,char *)': cannot convert argument 3 from 'const char [6]' to 'char *'
  c:\users\admin\source\repos\project_ltm\server\server.cpp(1039): note: Conversion from string literal loses const qualifier (see /Zc:strictStrings)
c:\users\admin\source\repos\project_ltm\server\server.cpp(1041): error C2664: 'void informMineAttack(GAME,int,int,int,char *,char *,char *)': cannot convert argument 5 from 'const char [4]' to 'char *'
  c:\users\admin\source\repos\project_ltm\server\server.cpp(1041): note: Conversion from string literal loses const qualifier (see /Zc:strictStrings)
c:\users\admin\source\repos\project_ltm\server\server.cpp(1046): error C2664: 'void informMineAttack(GAME,int,int,int,char *,char *,char *)': cannot convert argument 5 from 'const char [4]' to 'char *'
  c:\users\admin\source\repos\project_ltm\server\server.cpp(1046): note: Conversion from string literal loses const qualifier (see /Zc:strictStrings)
c:\users\admin\source\repos\project_ltm\server\server.cpp(1067): error C2664: 'int setResponseAndSend(PLAYER,char *,char *,int,char *)': cannot convert argument 3 from 'const char [6]' to 'char *'
  c:\users\admin\source\repos\project_ltm\server\server.cpp(1067): note: Conversion from string literal loses const qualifier (see /Zc:strictStrings)
c:\users\admin\source\repos\project_ltm\server\server.cpp(1072): error C2664: 'int setResponseAndSend(PLAYER,char *,char *,int,char *)': cannot convert argument 3 from 'const char [6]' to 'char *'
  c:\users\admin\source\repos\project_ltm\server\server.cpp(1072): note: Conversion from string literal loses const qualifier (see /Zc:strictStrings)
c:\users\admin\source\repos\project_ltm\server\server.cpp(1074): error C2664: 'int setResponseAndSend(PLAYER,char *,char *,int,char *)': cannot convert argument 3 from 'const char [6]' to 'char *'
  c:\users\admin\source\repos\project_ltm\server\server.cpp(1074): note: Conversion from string literal loses const qualifier (see /Zc:strictStrings)
c:\users\admin\source\repos\project_ltm\server\server.cpp(1075): error C2664: 'int setResponseAndSend(PLAYER,char *,char *,int,char *)': cannot convert argument 3 from 'const char [6]' to 'char *'
  c:\users\admin\source\repos\project_ltm\server\server.cpp(1075): note: Conversion from string literal loses const qualifier (see /Zc:strictStrings)
c:\users\admin\source\repos\project_ltm\server\server.cpp(1077): error C2664: 'void informBuyWeapon(GAME,int,int,char *,char *,char *)': cannot convert argument 4 from 'const char [4]' to 'char *'
  c:\users\admin\source\repos\project_ltm\server\server.cpp(1077): note: Conversion from string literal loses const qualifier (see /Zc:strictStrings)
c:\users\admin\source\repos\project_ltm\server\server.cpp(1080): error C2664: 'int setResponseAndSend(PLAYER,char *,char *,int,char *)': cannot convert argument 3 from 'const char [6]' to 'char *'
  c:\users\admin\source\repos\project_ltm\server\server.cpp(1080): note: Conversion from string literal loses const qualifier (see /Zc:strictStrings)
c:\users\admin\source\repos\project_ltm\server\server.cpp(1081): error C2664: 'int setResponseAndSend(PLAYER,char *,char *,int,char *)': cannot convert argument 3 from 'const char [6]' to 'char *'
  c:\users\admin\source\repos\project_ltm\server\server.cpp(1081): note: Conversion from string literal loses const qualifier (see /Zc:strictStrings)
c:\users\admin\source\repos\project_ltm\server\server.cpp(1083): error C2664: 'void informBuyWeapon(GAME,int,int,char *,char *,char *)': cannot convert argument 4 from 'const char [4]' to 'char *'
  c:\users\admin\source\repos\project_ltm\server\server.cpp(1083): note: Conversion from string literal loses const qualifier (see /Zc:strictStrings)
c:\users\admin\source\repos\project_ltm\server\server.cpp(1086): error C2664: 'int setResponseAndSend(PLAYER,char *,char *,int,char *)': cannot convert argument 3 from 'const char [6]' to 'char *'
  c:\users\admin\source\repos\project_ltm\server\server.cpp(1086): note: Conversion from string literal loses const qualifier (see /Zc:strictStrings)
c:\users\admin\source\repos\project_ltm\server\server.cpp(1087): error C2664: 'int setResponseAndSend(PLAYER,char *,char *,int,char *)': cannot convert argument 3 from 'const char [6]' to 'char *'
  c:\users\admin\source\repos\project_ltm\server\server.cpp(1087): note: Conversion from string literal loses const qualifier (see /Zc:strictStrings)
c:\users\admin\source\repos\project_ltm\server\server.cpp(1089): error C2664: 'void informBuyWeapon(GAME,int,int,char *,char *,char *)': cannot convert argument 4 from 'const char [4]' to 'char *'
  c:\users\admin\source\repos\project_ltm\server\server.cpp(1089): note: Conversion from string literal loses const qualifier (see /Zc:strictStrings)
c:\users\admin\source\repos\project_ltm\server\server.cpp(1110): error C2664: 'int setResponseAndSend(PLAYER,char *,char *,int,char *)': cannot convert argument 3 from 'const char [6]' to 'char *'
  c:\users\admin\source\repos\project_ltm\server\server.cpp(1110): note: Conversion from string literal loses const qualifier (see /Zc:strictStrings)
c:\users\admin\source\repos\project_ltm\server\server.cpp(1116): error C2664: 'int setResponseAndSend(PLAYER,char *,char *,int,char *)': cannot convert argument 3 from 'const char [6]' to 'char *'
c:\users\admin\source\repos\project_ltm\server\server.cpp(1116): fatal error C1003: error count exceeds 100; stopping compilation
