e:\documents\visual studio 2013\network\client\client\debug\client.pch
e:\documents\visual studio 2013\network\client\client\debug\vc120.pdb
e:\documents\visual studio 2013\network\client\client\debug\vc120.idb
e:\documents\visual studio 2013\network\client\client\debug\stdafx.obj
e:\documents\visual studio 2013\network\client\client\debug\auth.obj
e:\documents\visual studio 2013\network\client\client\debug\client.obj
e:\documents\visual studio 2013\network\client\client\debug\lobby.obj
e:\documents\visual studio 2013\network\client\client\debug\player.obj
e:\documents\visual studio 2013\network\client\client\debug\question.obj
e:\documents\visual studio 2013\network\client\client\debug\response.obj
e:\documents\visual studio 2013\network\client\client\debug\stream.obj
e:\documents\visual studio 2013\network\client\client\debug\util.obj
e:\documents\visual studio 2013\network\client\client\debug\game.obj
e:\documents\visual studio 2013\network\client\client\debug\castle.obj
e:\documents\visual studio 2013\network\client\client\debug\mine.obj
e:\documents\visual studio 2013\network\client\client\debug\team.obj
e:\documents\visual studio 2013\network\client\client\debug\wall.obj
e:\documents\visual studio 2013\network\client\client\debug\weapon.obj
e:\documents\visual studio 2013\network\client\debug\client.ilk
e:\documents\visual studio 2013\network\client\debug\client.exe
e:\documents\visual studio 2013\network\client\debug\client.pdb
f:\tài liệu\lập trình mạng\project\networkprogramming\client\client\debug\login.obj
f:\tài liệu\lập trình mạng\project\networkprogramming\client\client\debug\stdafx.obj
f:\tài liệu\lập trình mạng\project\networkprogramming\client\client\debug\client.pch
f:\tài liệu\lập trình mạng\project\networkprogramming\client\client\debug\vc120.idb
f:\tài liệu\lập trình mạng\project\networkprogramming\client\client\debug\vc120.pdb
f:\tài liệu\lập trình mạng\project\networkprogramming\client\debug\client.pdb
f:\tài liệu\lập trình mạng\project\networkprogramming\client\debug\client.exe
f:\tài liệu\lập trình mạng\project\networkprogramming\client\debug\client.ilk
f:\tài liệu\lập trình mạng\project\networkprogramming\client\client\debug\client.tlog\cl.command.1.tlog
f:\tài liệu\lập trình mạng\project\networkprogramming\client\client\debug\client.tlog\cl.read.1.tlog
f:\tài liệu\lập trình mạng\project\networkprogramming\client\client\debug\client.tlog\cl.write.1.tlog
f:\tài liệu\lập trình mạng\project\networkprogramming\client\client\debug\client.tlog\link.command.1.tlog
f:\tài liệu\lập trình mạng\project\networkprogramming\client\client\debug\client.tlog\link.read.1.tlog
f:\tài liệu\lập trình mạng\project\networkprogramming\client\client\debug\client.tlog\link.write.1.tlog
