  auth.cpp
f:\tài liệu\lập trình mạng\project\networkprogramming\client\client\response.h(138): error C3646: 'castle_info': unknown override specifier
f:\tài liệu\lập trình mạng\project\networkprogramming\client\client\response.h(138): error C2143: syntax error: missing ',' before '['
f:\tài liệu\lập trình mạng\project\networkprogramming\client\client\response.h(138): error C2143: syntax error: missing ')' before ';'
f:\tài liệu\lập trình mạng\project\networkprogramming\client\client\response.h(138): error C2238: unexpected token(s) preceding ';'
  castle.cpp
  client.cpp
f:\tài liệu\lập trình mạng\project\networkprogramming\client\client\client.cpp(23): warning C4101: 'payload': unreferenced local variable
  game.cpp
f:\tài liệu\lập trình mạng\project\networkprogramming\client\client\response.h(138): error C3646: 'castle_info': unknown override specifier
f:\tài liệu\lập trình mạng\project\networkprogramming\client\client\response.h(138): error C2143: syntax error: missing ',' before '['
f:\tài liệu\lập trình mạng\project\networkprogramming\client\client\response.h(138): error C2143: syntax error: missing ')' before ';'
f:\tài liệu\lập trình mạng\project\networkprogramming\client\client\response.h(138): error C2238: unexpected token(s) preceding ';'
f:\tài liệu\lập trình mạng\project\networkprogramming\client\client\game.cpp(63): error C2511: 'void Game::update_game_response(char *,Lobby &)': overloaded member function not found in 'Game'
  f:\tài liệu\lập trình mạng\project\networkprogramming\client\client\game.h(7): note: see declaration of 'Game'
f:\tài liệu\lập trình mạng\project\networkprogramming\client\client\game.cpp(66): error C2671: 'Game::update_game_response': static member functions do not have 'this' pointers
f:\tài liệu\lập trình mạng\project\networkprogramming\client\client\game.cpp(71): error C2671: 'Game::update_game_response': static member functions do not have 'this' pointers
f:\tài liệu\lập trình mạng\project\networkprogramming\client\client\game.cpp(75): error C2671: 'Game::update_game_response': static member functions do not have 'this' pointers
f:\tài liệu\lập trình mạng\project\networkprogramming\client\client\game.cpp(82): error C2671: 'Game::update_game_response': static member functions do not have 'this' pointers
f:\tài liệu\lập trình mạng\project\networkprogramming\client\client\game.cpp(82): error C2530: 'castle': references must be initialized
f:\tài liệu\lập trình mạng\project\networkprogramming\client\client\game.cpp(83): error C2671: 'Game::update_game_response': static member functions do not have 'this' pointers
f:\tài liệu\lập trình mạng\project\networkprogramming\client\client\game.cpp(83): error C2530: 'team': references must be initialized
f:\tài liệu\lập trình mạng\project\networkprogramming\client\client\game.cpp(85): error C2065: 'player': undeclared identifier
f:\tài liệu\lập trình mạng\project\networkprogramming\client\client\game.cpp(94): error C2065: 'player': undeclared identifier
f:\tài liệu\lập trình mạng\project\networkprogramming\client\client\game.cpp(114): error C2671: 'Game::update_game_response': static member functions do not have 'this' pointers
f:\tài liệu\lập trình mạng\project\networkprogramming\client\client\game.cpp(114): error C2530: 'mine': references must be initialized
f:\tài liệu\lập trình mạng\project\networkprogramming\client\client\game.cpp(115): error C2671: 'Game::update_game_response': static member functions do not have 'this' pointers
f:\tài liệu\lập trình mạng\project\networkprogramming\client\client\game.cpp(115): error C2530: 'team': references must be initialized
f:\tài liệu\lập trình mạng\project\networkprogramming\client\client\game.cpp(135): error C2065: 'player': undeclared identifier
f:\tài liệu\lập trình mạng\project\networkprogramming\client\client\game.cpp(138): error C2671: 'Game::update_game_response': static member functions do not have 'this' pointers
f:\tài liệu\lập trình mạng\project\networkprogramming\client\client\game.cpp(138): error C2530: 'team': references must be initialized
f:\tài liệu\lập trình mạng\project\networkprogramming\client\client\game.cpp(146): error C2065: 'player': undeclared identifier
f:\tài liệu\lập trình mạng\project\networkprogramming\client\client\game.cpp(150): error C2671: 'Game::update_game_response': static member functions do not have 'this' pointers
f:\tài liệu\lập trình mạng\project\networkprogramming\client\client\game.cpp(150): error C2530: 'team': references must be initialized
f:\tài liệu\lập trình mạng\project\networkprogramming\client\client\game.cpp(151): error C2671: 'Game::update_game_response': static member functions do not have 'this' pointers
f:\tài liệu\lập trình mạng\project\networkprogramming\client\client\game.cpp(151): error C2530: 'castle': references must be initialized
f:\tài liệu\lập trình mạng\project\networkprogramming\client\client\game.cpp(164): error C2671: 'Game::update_game_response': static member functions do not have 'this' pointers
f:\tài liệu\lập trình mạng\project\networkprogramming\client\client\game.cpp(164): error C2672: 'std::sort': no matching overloaded function found
f:\tài liệu\lập trình mạng\project\networkprogramming\client\client\game.cpp(164): error C2780: 'void std::sort(const _RanIt,const _RanIt,_Pr)': expects 3 arguments - 2 provided
  c:\program files (x86)\microsoft visual studio\2017\community\vc\tools\msvc\14.16.27023\include\algorithm(4029): note: see declaration of 'std::sort'
  lobby.cpp
f:\tài liệu\lập trình mạng\project\networkprogramming\client\client\response.h(138): error C3646: 'castle_info': unknown override specifier
f:\tài liệu\lập trình mạng\project\networkprogramming\client\client\response.h(138): error C2143: syntax error: missing ',' before '['
f:\tài liệu\lập trình mạng\project\networkprogramming\client\client\response.h(138): error C2143: syntax error: missing ')' before ';'
f:\tài liệu\lập trình mạng\project\networkprogramming\client\client\response.h(138): error C2238: unexpected token(s) preceding ';'
f:\tài liệu\lập trình mạng\project\networkprogramming\client\client\lobby.cpp(19): error C2511: 'Lobby::Lobby(int)': overloaded member function not found in 'Lobby'
  f:\tài liệu\lập trình mạng\project\networkprogramming\client\client\lobby.h(6): note: see declaration of 'Lobby'
f:\tài liệu\lập trình mạng\project\networkprogramming\client\client\lobby.cpp(19): error C2550: 'Lobby::{ctor}': constructor initializer lists are only allowed on constructor definitions
  mine.cpp
  player.cpp
f:\tài liệu\lập trình mạng\project\networkprogramming\client\client\response.h(138): error C3646: 'castle_info': unknown override specifier
f:\tài liệu\lập trình mạng\project\networkprogramming\client\client\response.h(138): error C2143: syntax error: missing ',' before '['
f:\tài liệu\lập trình mạng\project\networkprogramming\client\client\response.h(138): error C2143: syntax error: missing ')' before ';'
f:\tài liệu\lập trình mạng\project\networkprogramming\client\client\response.h(138): error C2238: unexpected token(s) preceding ';'
  question.cpp
f:\tài liệu\lập trình mạng\project\networkprogramming\client\client\response.h(138): error C3646: 'castle_info': unknown override specifier
f:\tài liệu\lập trình mạng\project\networkprogramming\client\client\response.h(138): error C2143: syntax error: missing ',' before '['
f:\tài liệu\lập trình mạng\project\networkprogramming\client\client\response.h(138): error C2143: syntax error: missing ')' before ';'
f:\tài liệu\lập trình mạng\project\networkprogramming\client\client\response.h(138): error C2238: unexpected token(s) preceding ';'
  response.cpp
f:\tài liệu\lập trình mạng\project\networkprogramming\client\client\response.h(138): error C3646: 'castle_info': unknown override specifier
f:\tài liệu\lập trình mạng\project\networkprogramming\client\client\response.h(138): error C2143: syntax error: missing ',' before '['
f:\tài liệu\lập trình mạng\project\networkprogramming\client\client\response.h(138): error C2143: syntax error: missing ')' before ';'
f:\tài liệu\lập trình mạng\project\networkprogramming\client\client\response.h(138): error C2238: unexpected token(s) preceding ';'
  stream.cpp
f:\tài liệu\lập trình mạng\project\networkprogramming\client\client\response.h(138): error C3646: 'castle_info': unknown override specifier
f:\tài liệu\lập trình mạng\project\networkprogramming\client\client\response.h(138): error C2143: syntax error: missing ',' before '['
f:\tài liệu\lập trình mạng\project\networkprogramming\client\client\response.h(138): error C2143: syntax error: missing ')' before ';'
f:\tài liệu\lập trình mạng\project\networkprogramming\client\client\response.h(138): error C2238: unexpected token(s) preceding ';'
  team.cpp
  util.cpp
f:\tài liệu\lập trình mạng\project\networkprogramming\client\client\response.h(138): error C3646: 'castle_info': unknown override specifier
f:\tài liệu\lập trình mạng\project\networkprogramming\client\client\response.h(138): error C2143: syntax error: missing ',' before '['
f:\tài liệu\lập trình mạng\project\networkprogramming\client\client\response.h(138): error C2143: syntax error: missing ')' before ';'
f:\tài liệu\lập trình mạng\project\networkprogramming\client\client\response.h(138): error C2238: unexpected token(s) preceding ';'
f:\tài liệu\lập trình mạng\project\networkprogramming\client\client\util.cpp(107): error C2398: Element '1': conversion from 'int' to 'unsigned __int64' requires a narrowing conversion
  wall.cpp
  weapon.cpp
  Generating Code...
